<test-run id="2" testcasecount="0" result="Passed" start-time="2023-07-04 09:18:50.322784" end-time="2023-07-04 09:18:50.633378" duration="0" total="0" passed="0" failed="0" inconclusive="0" skipped="0" asserts="0" clr-version="3.9.16 (main, Dec 19 2022, 07:54:51) &#10;[Clang 14.0.0 (clang-1400.0.29.202)]" engine-version="3.6.2"><command-line>/Users/caihaocui/.pyenv/versions/3.9.16/bin/pytest -v</command-line><filter /></test-run>
